<?xml version="1.0" encoding="UTF-8"?>
<testsuite xmlns:xsi="http://www.w3.org/2001/XMLSchema-instance" xsi:noNamespaceSchemaLocation="https://maven.apache.org/surefire/maven-surefire-plugin/xsd/surefire-test-report.xsd" version="3.0.2" name="joao.GreetingResourceTest" time="1.376" tests="1" errors="1" skipped="0" failures="0">
  <properties>
    <property name="java.specification.version" value="21"/>
    <property name="sun.cpu.isalist" value="amd64"/>
    <property name="sun.jnu.encoding" value="Cp1252"/>
    <property name="io.quarkus.security.http.test-if-basic-auth-implicitly-required" value="true"/>
    <property name="java.class.path" value="C:\VSCode\back\listas-api\target\test-classes;C:\VSCode\back\listas-api\target\classes;C:\Users\joao_\.m2\repository\io\quarkus\quarkus-rest\3.24.3\quarkus-rest-3.24.3.jar;C:\Users\joao_\.m2\repository\io\quarkus\quarkus-rest-common\3.24.3\quarkus-rest-common-3.24.3.jar;C:\Users\joao_\.m2\repository\io\quarkus\resteasy\reactive\resteasy-reactive-common\3.24.3\resteasy-reactive-common-3.24.3.jar;C:\Users\joao_\.m2\repository\io\quarkus\resteasy\reactive\resteasy-reactive-common-types\3.24.3\resteasy-reactive-common-types-3.24.3.jar;C:\Users\joao_\.m2\repository\org\reactivestreams\reactive-streams\1.0.4\reactive-streams-1.0.4.jar;C:\Users\joao_\.m2\repository\io\smallrye\common\smallrye-common-annotation\2.12.2\smallrye-common-annotation-2.12.2.jar;C:\Users\joao_\.m2\repository\io\quarkus\quarkus-mutiny\3.24.3\quarkus-mutiny-3.24.3.jar;C:\Users\joao_\.m2\repository\io\quarkus\quarkus-smallrye-context-propagation\3.24.3\quarkus-smallrye-context-propagation-3.24.3.jar;C:\Users\joao_\.m2\repository\io\smallrye\smallrye-context-propagation\2.2.1\smallrye-context-propagation-2.2.1.jar;C:\Users\joao_\.m2\repository\io\smallrye\smallrye-context-propagation-api\2.2.1\smallrye-context-propagation-api-2.2.1.jar;C:\Users\joao_\.m2\repository\io\smallrye\smallrye-context-propagation-storage\2.2.1\smallrye-context-propagation-storage-2.2.1.jar;C:\Users\joao_\.m2\repository\io\smallrye\reactive\mutiny-smallrye-context-propagation\2.9.2\mutiny-smallrye-context-propagation-2.9.2.jar;C:\Users\joao_\.m2\repository\io\quarkus\quarkus-vertx\3.24.3\quarkus-vertx-3.24.3.jar;C:\Users\joao_\.m2\repository\io\quarkus\quarkus-netty\3.24.3\quarkus-netty-3.24.3.jar;C:\Users\joao_\.m2\repository\io\netty\netty-codec\4.1.121.Final\netty-codec-4.1.121.Final.jar;C:\Users\joao_\.m2\repository\io\netty\netty-codec-haproxy\4.1.121.Final\netty-codec-haproxy-4.1.121.Final.jar;C:\Users\joao_\.m2\repository\io\quarkus\quarkus-vertx-latebound-mdc-provider\3.24.3\quarkus-vertx-latebound-mdc-provider-3.24.3.jar;C:\Users\joao_\.m2\repository\io\smallrye\smallrye-fault-tolerance-vertx\6.9.1\smallrye-fault-tolerance-vertx-6.9.1.jar;C:\Users\joao_\.m2\repository\io\quarkus\resteasy\reactive\resteasy-reactive-vertx\3.24.3\resteasy-reactive-vertx-3.24.3.jar;C:\Users\joao_\.m2\repository\io\vertx\vertx-web\4.5.16\vertx-web-4.5.16.jar;C:\Users\joao_\.m2\repository\io\vertx\vertx-web-common\4.5.16\vertx-web-common-4.5.16.jar;C:\Users\joao_\.m2\repository\io\vertx\vertx-auth-common\4.5.16\vertx-auth-common-4.5.16.jar;C:\Users\joao_\.m2\repository\io\vertx\vertx-bridge-common\4.5.16\vertx-bridge-common-4.5.16.jar;C:\Users\joao_\.m2\repository\io\smallrye\reactive\smallrye-mutiny-vertx-core\3.19.1\smallrye-mutiny-vertx-core-3.19.1.jar;C:\Users\joao_\.m2\repository\io\smallrye\reactive\smallrye-mutiny-vertx-runtime\3.19.1\smallrye-mutiny-vertx-runtime-3.19.1.jar;C:\Users\joao_\.m2\repository\io\smallrye\reactive\vertx-mutiny-generator\3.19.1\vertx-mutiny-generator-3.19.1.jar;C:\Users\joao_\.m2\repository\io\vertx\vertx-codegen\4.5.16\vertx-codegen-4.5.16.jar;C:\Users\joao_\.m2\repository\io\quarkus\resteasy\reactive\resteasy-reactive\3.24.3\resteasy-reactive-3.24.3.jar;C:\Users\joao_\.m2\repository\io\quarkus\vertx\utils\quarkus-vertx-utils\3.24.3\quarkus-vertx-utils-3.24.3.jar;C:\Users\joao_\.m2\repository\jakarta\enterprise\jakarta.enterprise.cdi-api\4.1.0\jakarta.enterprise.cdi-api-4.1.0.jar;C:\Users\joao_\.m2\repository\jakarta\enterprise\jakarta.enterprise.lang-model\4.1.0\jakarta.enterprise.lang-model-4.1.0.jar;C:\Users\joao_\.m2\repository\jakarta\el\jakarta.el-api\6.0.1\jakarta.el-api-6.0.1.jar;C:\Users\joao_\.m2\repository\jakarta\interceptor\jakarta.interceptor-api\2.2.0\jakarta.interceptor-api-2.2.0.jar;C:\Users\joao_\.m2\repository\jakarta\ws\rs\jakarta.ws.rs-api\3.1.0\jakarta.ws.rs-api-3.1.0.jar;C:\Users\joao_\.m2\repository\jakarta\annotation\jakarta.annotation-api\3.0.0\jakarta.annotation-api-3.0.0.jar;C:\Users\joao_\.m2\repository\org\jboss\logging\commons-logging-jboss-logging\1.0.0.Final\commons-logging-jboss-logging-1.0.0.Final.jar;C:\Users\joao_\.m2\repository\org\jboss\logging\jboss-logging\3.6.1.Final\jboss-logging-3.6.1.Final.jar;C:\Users\joao_\.m2\repository\io\quarkus\quarkus-vertx-http\3.24.3\quarkus-vertx-http-3.24.3.jar;C:\Users\joao_\.m2\repository\io\quarkus\quarkus-security-runtime-spi\3.24.3\quarkus-security-runtime-spi-3.24.3.jar;C:\Users\joao_\.m2\repository\io\quarkus\quarkus-tls-registry\3.24.3\quarkus-tls-registry-3.24.3.jar;C:\Users\joao_\.m2\repository\io\quarkus\quarkus-tls-registry-spi\3.24.3\quarkus-tls-registry-spi-3.24.3.jar;C:\Users\joao_\.m2\repository\io\smallrye\certs\smallrye-private-key-pem-parser\0.9.2\smallrye-private-key-pem-parser-0.9.2.jar;C:\Users\joao_\.m2\repository\io\quarkus\quarkus-credentials\3.24.3\quarkus-credentials-3.24.3.jar;C:\Users\joao_\.m2\repository\io\smallrye\common\smallrye-common-vertx-context\2.12.2\smallrye-common-vertx-context-2.12.2.jar;C:\Users\joao_\.m2\repository\io\smallrye\common\smallrye-common-constraint\2.12.2\smallrye-common-constraint-2.12.2.jar;C:\Users\joao_\.m2\repository\io\quarkus\security\quarkus-security\2.2.1\quarkus-security-2.2.1.jar;C:\Users\joao_\.m2\repository\io\smallrye\reactive\smallrye-mutiny-vertx-web\3.19.1\smallrye-mutiny-vertx-web-3.19.1.jar;C:\Users\joao_\.m2\repository\io\smallrye\reactive\smallrye-mutiny-vertx-web-common\3.19.1\smallrye-mutiny-vertx-web-common-3.19.1.jar;C:\Users\joao_\.m2\repository\io\smallrye\reactive\smallrye-mutiny-vertx-auth-common\3.19.1\smallrye-mutiny-vertx-auth-common-3.19.1.jar;C:\Users\joao_\.m2\repository\io\smallrye\reactive\smallrye-mutiny-vertx-bridge-common\3.19.1\smallrye-mutiny-vertx-bridge-common-3.19.1.jar;C:\Users\joao_\.m2\repository\io\smallrye\reactive\smallrye-mutiny-vertx-uri-template\3.19.1\smallrye-mutiny-vertx-uri-template-3.19.1.jar;C:\Users\joao_\.m2\repository\io\vertx\vertx-uri-template\4.5.16\vertx-uri-template-4.5.16.jar;C:\Users\joao_\.m2\repository\io\github\crac\org-crac\0.1.3\org-crac-0.1.3.jar;C:\Users\joao_\.m2\repository\com\aayushatharva\brotli4j\brotli4j\1.16.0\brotli4j-1.16.0.jar;C:\Users\joao_\.m2\repository\com\aayushatharva\brotli4j\service\1.16.0\service-1.16.0.jar;C:\Users\joao_\.m2\repository\com\aayushatharva\brotli4j\native-windows-x86_64\1.16.0\native-windows-x86_64-1.16.0.jar;C:\Users\joao_\.m2\repository\io\quarkus\quarkus-jsonp\3.24.3\quarkus-jsonp-3.24.3.jar;C:\Users\joao_\.m2\repository\org\eclipse\parsson\parsson\1.1.7\parsson-1.1.7.jar;C:\Users\joao_\.m2\repository\jakarta\json\jakarta.json-api\2.1.3\jakarta.json-api-2.1.3.jar;C:\Users\joao_\.m2\repository\io\quarkus\quarkus-virtual-threads\3.24.3\quarkus-virtual-threads-3.24.3.jar;C:\Users\joao_\.m2\repository\io\vertx\vertx-core\4.5.16\vertx-core-4.5.16.jar;C:\Users\joao_\.m2\repository\io\netty\netty-common\4.1.121.Final\netty-common-4.1.121.Final.jar;C:\Users\joao_\.m2\repository\io\netty\netty-buffer\4.1.121.Final\netty-buffer-4.1.121.Final.jar;C:\Users\joao_\.m2\repository\io\netty\netty-transport\4.1.121.Final\netty-transport-4.1.121.Final.jar;C:\Users\joao_\.m2\repository\io\netty\netty-handler\4.1.121.Final\netty-handler-4.1.121.Final.jar;C:\Users\joao_\.m2\repository\io\netty\netty-transport-native-unix-common\4.1.121.Final\netty-transport-native-unix-common-4.1.121.Final.jar;C:\Users\joao_\.m2\repository\io\netty\netty-handler-proxy\4.1.121.Final\netty-handler-proxy-4.1.121.Final.jar;C:\Users\joao_\.m2\repository\io\netty\netty-codec-socks\4.1.121.Final\netty-codec-socks-4.1.121.Final.jar;C:\Users\joao_\.m2\repository\io\netty\netty-codec-http\4.1.121.Final\netty-codec-http-4.1.121.Final.jar;C:\Users\joao_\.m2\repository\io\netty\netty-codec-http2\4.1.121.Final\netty-codec-http2-4.1.121.Final.jar;C:\Users\joao_\.m2\repository\io\netty\netty-resolver\4.1.121.Final\netty-resolver-4.1.121.Final.jar;C:\Users\joao_\.m2\repository\io\netty\netty-resolver-dns\4.1.121.Final\netty-resolver-dns-4.1.121.Final.jar;C:\Users\joao_\.m2\repository\io\netty\netty-codec-dns\4.1.121.Final\netty-codec-dns-4.1.121.Final.jar;C:\Users\joao_\.m2\repository\io\quarkus\quarkus-rest-jackson\3.24.3\quarkus-rest-jackson-3.24.3.jar;C:\Users\joao_\.m2\repository\io\quarkus\quarkus-rest-jackson-common\3.24.3\quarkus-rest-jackson-common-3.24.3.jar;C:\Users\joao_\.m2\repository\io\quarkus\resteasy\reactive\resteasy-reactive-jackson\3.24.3\resteasy-reactive-jackson-3.24.3.jar;C:\Users\joao_\.m2\repository\io\quarkus\quarkus-jackson\3.24.3\quarkus-jackson-3.24.3.jar;C:\Users\joao_\.m2\repository\com\fasterxml\jackson\datatype\jackson-datatype-jsr310\2.19.1\jackson-datatype-jsr310-2.19.1.jar;C:\Users\joao_\.m2\repository\com\fasterxml\jackson\datatype\jackson-datatype-jdk8\2.19.1\jackson-datatype-jdk8-2.19.1.jar;C:\Users\joao_\.m2\repository\com\fasterxml\jackson\module\jackson-module-parameter-names\2.19.1\jackson-module-parameter-names-2.19.1.jar;C:\Users\joao_\.m2\repository\io\quarkus\quarkus-hibernate-orm-panache\3.24.3\quarkus-hibernate-orm-panache-3.24.3.jar;C:\Users\joao_\.m2\repository\io\quarkus\quarkus-hibernate-orm-panache-common\3.24.3\quarkus-hibernate-orm-panache-common-3.24.3.jar;C:\Users\joao_\.m2\repository\io\quarkus\quarkus-panache-hibernate-common\3.24.3\quarkus-panache-hibernate-common-3.24.3.jar;C:\Users\joao_\.m2\repository\io\quarkus\quarkus-panache-common\3.24.3\quarkus-panache-common-3.24.3.jar;C:\Users\joao_\.m2\repository\io\quarkus\quarkus-jdbc-postgresql\3.24.3\quarkus-jdbc-postgresql-3.24.3.jar;C:\Users\joao_\.m2\repository\io\quarkus\quarkus-agroal\3.24.3\quarkus-agroal-3.24.3.jar;C:\Users\joao_\.m2\repository\io\quarkus\quarkus-datasource\3.24.3\quarkus-datasource-3.24.3.jar;C:\Users\joao_\.m2\repository\io\agroal\agroal-api\2.7.1\agroal-api-2.7.1.jar;C:\Users\joao_\.m2\repository\io\agroal\agroal-narayana\2.7.1\agroal-narayana-2.7.1.jar;C:\Users\joao_\.m2\repository\org\jboss\jboss-transaction-spi\8.0.0.Final\jboss-transaction-spi-8.0.0.Final.jar;C:\Users\joao_\.m2\repository\io\agroal\agroal-pool\2.7.1\agroal-pool-2.7.1.jar;C:\Users\joao_\.m2\repository\org\postgresql\postgresql\42.7.7\postgresql-42.7.7.jar;C:\Users\joao_\.m2\repository\io\quarkus\quarkus-arc\3.24.3\quarkus-arc-3.24.3.jar;C:\Users\joao_\.m2\repository\io\quarkus\arc\arc\3.24.3\arc-3.24.3.jar;C:\Users\joao_\.m2\repository\io\smallrye\reactive\mutiny\2.9.2\mutiny-2.9.2.jar;C:\Users\joao_\.m2\repository\org\jctools\jctools-core\4.0.5\jctools-core-4.0.5.jar;C:\Users\joao_\.m2\repository\io\quarkus\quarkus-core\3.24.3\quarkus-core-3.24.3.jar;C:\Users\joao_\.m2\repository\jakarta\inject\jakarta.inject-api\2.0.1\jakarta.inject-api-2.0.1.jar;C:\Users\joao_\.m2\repository\io\smallrye\common\smallrye-common-os\2.12.2\smallrye-common-os-2.12.2.jar;C:\Users\joao_\.m2\repository\io\quarkus\quarkus-ide-launcher\3.24.3\quarkus-ide-launcher-3.24.3.jar;C:\Users\joao_\.m2\repository\io\quarkus\quarkus-development-mode-spi\3.24.3\quarkus-development-mode-spi-3.24.3.jar;C:\Users\joao_\.m2\repository\io\smallrye\config\smallrye-config\3.13.2\smallrye-config-3.13.2.jar;C:\Users\joao_\.m2\repository\io\smallrye\config\smallrye-config-core\3.13.2\smallrye-config-core-3.13.2.jar;C:\Users\joao_\.m2\repository\io\smallrye\config\smallrye-config-common\3.13.2\smallrye-config-common-3.13.2.jar;C:\Users\joao_\.m2\repository\org\jboss\logmanager\jboss-logmanager\3.1.2.Final\jboss-logmanager-3.1.2.Final.jar;C:\Users\joao_\.m2\repository\io\smallrye\common\smallrye-common-cpu\2.12.2\smallrye-common-cpu-2.12.2.jar;C:\Users\joao_\.m2\repository\io\smallrye\common\smallrye-common-expression\2.12.2\smallrye-common-expression-2.12.2.jar;C:\Users\joao_\.m2\repository\io\smallrye\common\smallrye-common-net\2.12.2\smallrye-common-net-2.12.2.jar;C:\Users\joao_\.m2\repository\io\smallrye\common\smallrye-common-ref\2.12.2\smallrye-common-ref-2.12.2.jar;C:\Users\joao_\.m2\repository\org\jboss\threads\jboss-threads\3.9.1\jboss-threads-3.9.1.jar;C:\Users\joao_\.m2\repository\io\smallrye\common\smallrye-common-function\2.12.2\smallrye-common-function-2.12.2.jar;C:\Users\joao_\.m2\repository\org\slf4j\slf4j-api\2.0.6\slf4j-api-2.0.6.jar;C:\Users\joao_\.m2\repository\org\jboss\slf4j\slf4j-jboss-logmanager\2.0.0.Final\slf4j-jboss-logmanager-2.0.0.Final.jar;C:\Users\joao_\.m2\repository\org\wildfly\common\wildfly-common\2.0.1\wildfly-common-2.0.1.jar;C:\Users\joao_\.m2\repository\io\quarkus\quarkus-bootstrap-runner\3.24.3\quarkus-bootstrap-runner-3.24.3.jar;C:\Users\joao_\.m2\repository\io\quarkus\quarkus-fs-util\1.0.0\quarkus-fs-util-1.0.0.jar;C:\Users\joao_\.m2\repository\org\eclipse\microprofile\context-propagation\microprofile-context-propagation-api\1.3\microprofile-context-propagation-api-1.3.jar;C:\Users\joao_\.m2\repository\io\quarkus\quarkus-hibernate-orm\3.24.3\quarkus-hibernate-orm-3.24.3.jar;C:\Users\joao_\.m2\repository\io\quarkus\quarkus-narayana-jta\3.24.3\quarkus-narayana-jta-3.24.3.jar;C:\Users\joao_\.m2\repository\io\quarkus\quarkus-transaction-annotations\3.24.3\quarkus-transaction-annotations-3.24.3.jar;C:\Users\joao_\.m2\repository\io\quarkus\quarkus-datasource-common\3.24.3\quarkus-datasource-common-3.24.3.jar;C:\Users\joao_\.m2\repository\io\smallrye\smallrye-context-propagation-jta\2.2.1\smallrye-context-propagation-jta-2.2.1.jar;C:\Users\joao_\.m2\repository\io\smallrye\reactive\smallrye-reactive-converter-api\3.0.3\smallrye-reactive-converter-api-3.0.3.jar;C:\Users\joao_\.m2\repository\io\smallrye\reactive\smallrye-reactive-converter-mutiny\3.0.3\smallrye-reactive-converter-mutiny-3.0.3.jar;C:\Users\joao_\.m2\repository\io\smallrye\reactive\mutiny-zero-flow-adapters\1.1.1\mutiny-zero-flow-adapters-1.1.1.jar;C:\Users\joao_\.m2\repository\org\jboss\narayana\jta\narayana-jta\7.2.2.Final\narayana-jta-7.2.2.Final.jar;C:\Users\joao_\.m2\repository\jakarta\resource\jakarta.resource-api\2.1.0\jakarta.resource-api-2.1.0.jar;C:\Users\joao_\.m2\repository\org\jboss\invocation\jboss-invocation\2.0.0.Final\jboss-invocation-2.0.0.Final.jar;C:\Users\joao_\.m2\repository\org\eclipse\microprofile\reactive-streams-operators\microprofile-reactive-streams-operators-api\3.0.1\microprofile-reactive-streams-operators-api-3.0.1.jar;C:\Users\joao_\.m2\repository\org\jboss\narayana\jts\narayana-jts-integration\7.2.2.Final\narayana-jts-integration-7.2.2.Final.jar;C:\Users\joao_\.m2\repository\org\hibernate\orm\hibernate-core\7.0.5.Final\hibernate-core-7.0.5.Final.jar;C:\Users\joao_\.m2\repository\org\hibernate\models\hibernate-models\1.0.0\hibernate-models-1.0.0.jar;C:\Users\joao_\.m2\repository\com\fasterxml\classmate\1.7.0\classmate-1.7.0.jar;C:\Users\joao_\.m2\repository\org\antlr\antlr4-runtime\4.13.2\antlr4-runtime-4.13.2.jar;C:\Users\joao_\.m2\repository\net\bytebuddy\byte-buddy\1.17.5\byte-buddy-1.17.5.jar;C:\Users\joao_\.m2\repository\org\hibernate\orm\hibernate-graalvm\7.0.5.Final\hibernate-graalvm-7.0.5.Final.jar;C:\Users\joao_\.m2\repository\org\glassfish\jaxb\jaxb-runtime\4.0.5\jaxb-runtime-4.0.5.jar;C:\Users\joao_\.m2\repository\org\glassfish\jaxb\jaxb-core\4.0.5\jaxb-core-4.0.5.jar;C:\Users\joao_\.m2\repository\org\eclipse\angus\angus-activation\2.0.2\angus-activation-2.0.2.jar;C:\Users\joao_\.m2\repository\org\glassfish\jaxb\txw2\4.0.5\txw2-4.0.5.jar;C:\Users\joao_\.m2\repository\com\sun\istack\istack-commons-runtime\4.1.2\istack-commons-runtime-4.1.2.jar;C:\Users\joao_\.m2\repository\jakarta\xml\bind\jakarta.xml.bind-api\4.0.2\jakarta.xml.bind-api-4.0.2.jar;C:\Users\joao_\.m2\repository\jakarta\activation\jakarta.activation-api\2.1.3\jakarta.activation-api-2.1.3.jar;C:\Users\joao_\.m2\repository\jakarta\persistence\jakarta.persistence-api\3.2.0\jakarta.persistence-api-3.2.0.jar;C:\Users\joao_\.m2\repository\jakarta\transaction\jakarta.transaction-api\2.0.1\jakarta.transaction-api-2.0.1.jar;C:\Users\joao_\.m2\repository\org\hibernate\quarkus-local-cache\0.3.1\quarkus-local-cache-0.3.1.jar;C:\Users\joao_\.m2\repository\io\quarkus\quarkus-caffeine\3.24.3\quarkus-caffeine-3.24.3.jar;C:\Users\joao_\.m2\repository\com\github\ben-manes\caffeine\caffeine\3.2.0\caffeine-3.2.0.jar;C:\Users\joao_\.m2\repository\org\jspecify\jspecify\1.0.0\jspecify-1.0.0.jar;C:\Users\joao_\.m2\repository\com\google\errorprone\error_prone_annotations\2.38.0\error_prone_annotations-2.38.0.jar;C:\Users\joao_\.m2\repository\io\quarkus\quarkus-junit5\3.24.3\quarkus-junit5-3.24.3.jar;C:\Users\joao_\.m2\repository\io\quarkus\quarkus-bootstrap-core\3.24.3\quarkus-bootstrap-core-3.24.3.jar;C:\Users\joao_\.m2\repository\io\quarkus\quarkus-classloader-commons\3.24.3\quarkus-classloader-commons-3.24.3.jar;C:\Users\joao_\.m2\repository\io\quarkus\quarkus-bootstrap-app-model\3.24.3\quarkus-bootstrap-app-model-3.24.3.jar;C:\Users\joao_\.m2\repository\io\smallrye\common\smallrye-common-io\2.12.2\smallrye-common-io-2.12.2.jar;C:\Users\joao_\.m2\repository\org\eclipse\sisu\org.eclipse.sisu.inject\0.9.0.M4\org.eclipse.sisu.inject-0.9.0.M4.jar;C:\Users\joao_\.m2\repository\org\ow2\asm\asm\9.8\asm-9.8.jar;C:\Users\joao_\.m2\repository\io\quarkus\quarkus-test-common\3.24.3\quarkus-test-common-3.24.3.jar;C:\Users\joao_\.m2\repository\io\quarkus\quarkus-core-deployment\3.24.3\quarkus-core-deployment-3.24.3.jar;C:\Users\joao_\.m2\repository\org\aesh\readline\2.6\readline-2.6.jar;C:\Users\joao_\.m2\repository\org\fusesource\jansi\jansi\2.4.0\jansi-2.4.0.jar;C:\Users\joao_\.m2\repository\org\aesh\aesh\2.8.2\aesh-2.8.2.jar;C:\Users\joao_\.m2\repository\io\quarkus\gizmo\gizmo\1.9.0\gizmo-1.9.0.jar;C:\Users\joao_\.m2\repository\org\ow2\asm\asm-util\9.8\asm-util-9.8.jar;C:\Users\joao_\.m2\repository\org\ow2\asm\asm-analysis\9.8\asm-analysis-9.8.jar;C:\Users\joao_\.m2\repository\org\ow2\asm\asm-commons\9.8\asm-commons-9.8.jar;C:\Users\joao_\.m2\repository\org\ow2\asm\asm-tree\9.8\asm-tree-9.8.jar;C:\Users\joao_\.m2\repository\io\quarkus\quarkus-hibernate-validator-spi\3.24.3\quarkus-hibernate-validator-spi-3.24.3.jar;C:\Users\joao_\.m2\repository\io\quarkus\quarkus-class-change-agent\3.24.3\quarkus-class-change-agent-3.24.3.jar;C:\Users\joao_\.m2\repository\io\quarkus\quarkus-devtools-utilities\3.24.3\quarkus-devtools-utilities-3.24.3.jar;C:\Users\joao_\.m2\repository\io\quarkus\quarkus-builder\3.24.3\quarkus-builder-3.24.3.jar;C:\Users\joao_\.m2\repository\org\graalvm\sdk\nativeimage\23.1.2\nativeimage-23.1.2.jar;C:\Users\joao_\.m2\repository\org\graalvm\sdk\word\23.1.2\word-23.1.2.jar;C:\Users\joao_\.m2\repository\org\junit\platform\junit-platform-launcher\1.13.2\junit-platform-launcher-1.13.2.jar;C:\Users\joao_\.m2\repository\io\quarkus\quarkus-bootstrap-maven-resolver\3.24.3\quarkus-bootstrap-maven-resolver-3.24.3.jar;C:\Users\joao_\.m2\repository\io\smallrye\beanbag\smallrye-beanbag-maven\1.5.3\smallrye-beanbag-maven-1.5.3.jar;C:\Users\joao_\.m2\repository\io\smallrye\beanbag\smallrye-beanbag-sisu\1.5.3\smallrye-beanbag-sisu-1.5.3.jar;C:\Users\joao_\.m2\repository\io\smallrye\beanbag\smallrye-beanbag\1.5.3\smallrye-beanbag-1.5.3.jar;C:\Users\joao_\.m2\repository\javax\inject\javax.inject\1\javax.inject-1.jar;C:\Users\joao_\.m2\repository\org\apache\maven\maven-artifact\3.9.9\maven-artifact-3.9.9.jar;C:\Users\joao_\.m2\repository\org\apache\maven\maven-builder-support\3.9.9\maven-builder-support-3.9.9.jar;C:\Users\joao_\.m2\repository\org\apache\maven\maven-model\3.9.9\maven-model-3.9.9.jar;C:\Users\joao_\.m2\repository\org\apache\maven\maven-model-builder\3.9.9\maven-model-builder-3.9.9.jar;C:\Users\joao_\.m2\repository\org\apache\maven\maven-repository-metadata\3.9.9\maven-repository-metadata-3.9.9.jar;C:\Users\joao_\.m2\repository\org\apache\maven\maven-settings\3.9.9\maven-settings-3.9.9.jar;C:\Users\joao_\.m2\repository\org\apache\maven\resolver\maven-resolver-api\1.9.22\maven-resolver-api-1.9.22.jar;C:\Users\joao_\.m2\repository\org\apache\maven\resolver\maven-resolver-impl\1.9.22\maven-resolver-impl-1.9.22.jar;C:\Users\joao_\.m2\repository\org\apache\maven\resolver\maven-resolver-named-locks\1.9.22\maven-resolver-named-locks-1.9.22.jar;C:\Users\joao_\.m2\repository\org\apache\maven\resolver\maven-resolver-spi\1.9.22\maven-resolver-spi-1.9.22.jar;C:\Users\joao_\.m2\repository\org\apache\maven\resolver\maven-resolver-util\1.9.22\maven-resolver-util-1.9.22.jar;C:\Users\joao_\.m2\repository\org\apache\maven\resolver\maven-resolver-transport-http\1.9.23\maven-resolver-transport-http-1.9.23.jar;C:\Users\joao_\.m2\repository\org\apache\maven\wagon\wagon-provider-api\3.5.3\wagon-provider-api-3.5.3.jar;C:\Users\joao_\.m2\repository\org\apache\maven\wagon\wagon-http-shared\3.5.3\wagon-http-shared-3.5.3.jar;C:\Users\joao_\.m2\repository\org\codehaus\plexus\plexus-interpolation\1.26\plexus-interpolation-1.26.jar;C:\Users\joao_\.m2\repository\org\codehaus\plexus\plexus-utils\3.5.1\plexus-utils-3.5.1.jar;C:\Users\joao_\.m2\repository\org\codehaus\plexus\plexus-xml\4.0.2\plexus-xml-4.0.2.jar;C:\Users\joao_\.m2\repository\org\apache\maven\maven-xml-impl\4.0.0-alpha-7\maven-xml-impl-4.0.0-alpha-7.jar;C:\Users\joao_\.m2\repository\org\apache\maven\maven-api-xml\4.0.0-alpha-7\maven-api-xml-4.0.0-alpha-7.jar;C:\Users\joao_\.m2\repository\org\apache\maven\maven-api-meta\4.0.0-alpha-7\maven-api-meta-4.0.0-alpha-7.jar;C:\Users\joao_\.m2\repository\org\codehaus\plexus\plexus-cipher\2.0\plexus-cipher-2.0.jar;C:\Users\joao_\.m2\repository\org\codehaus\plexus\plexus-sec-dispatcher\2.0\plexus-sec-dispatcher-2.0.jar;C:\Users\joao_\.m2\repository\org\apache\maven\maven-embedder\3.9.9\maven-embedder-3.9.9.jar;C:\Users\joao_\.m2\repository\org\apache\maven\maven-core\3.9.9\maven-core-3.9.9.jar;C:\Users\joao_\.m2\repository\org\codehaus\plexus\plexus-component-annotations\2.1.0\plexus-component-annotations-2.1.0.jar;C:\Users\joao_\.m2\repository\org\apache\maven\maven-plugin-api\3.9.9\maven-plugin-api-3.9.9.jar;C:\Users\joao_\.m2\repository\org\apache\maven\shared\maven-shared-utils\3.4.2\maven-shared-utils-3.4.2.jar;C:\Users\joao_\.m2\repository\com\google\inject\guice\5.1.0\guice-5.1.0.jar;C:\Users\joao_\.m2\repository\aopalliance\aopalliance\1.0\aopalliance-1.0.jar;C:\Users\joao_\.m2\repository\com\google\guava\guava\33.4.8-jre\guava-33.4.8-jre.jar;C:\Users\joao_\.m2\repository\com\google\guava\failureaccess\1.0.1\failureaccess-1.0.1.jar;C:\Users\joao_\.m2\repository\javax\annotation\javax.annotation-api\1.3.2\javax.annotation-api-1.3.2.jar;C:\Users\joao_\.m2\repository\org\codehaus\plexus\plexus-classworlds\2.6.0\plexus-classworlds-2.6.0.jar;C:\Users\joao_\.m2\repository\commons-cli\commons-cli\1.8.0\commons-cli-1.8.0.jar;C:\Users\joao_\.m2\repository\org\eclipse\sisu\org.eclipse.sisu.plexus\0.9.0.M4\org.eclipse.sisu.plexus-0.9.0.M4.jar;C:\Users\joao_\.m2\repository\org\apache\maven\maven-settings-builder\3.9.9\maven-settings-builder-3.9.9.jar;C:\Users\joao_\.m2\repository\org\apache\maven\maven-resolver-provider\3.9.9\maven-resolver-provider-3.9.9.jar;C:\Users\joao_\.m2\repository\org\apache\maven\resolver\maven-resolver-connector-basic\1.9.22\maven-resolver-connector-basic-1.9.22.jar;C:\Users\joao_\.m2\repository\org\apache\maven\resolver\maven-resolver-transport-wagon\1.9.22\maven-resolver-transport-wagon-1.9.22.jar;C:\Users\joao_\.m2\repository\org\apache\maven\wagon\wagon-http\3.5.3\wagon-http-3.5.3.jar;C:\Users\joao_\.m2\repository\org\apache\maven\wagon\wagon-file\3.5.3\wagon-file-3.5.3.jar;C:\Users\joao_\.m2\repository\io\quarkus\quarkus-bootstrap-gradle-resolver\3.24.3\quarkus-bootstrap-gradle-resolver-3.24.3.jar;C:\Users\joao_\.m2\repository\io\smallrye\jandex\3.3.2\jandex-3.3.2.jar;C:\Users\joao_\.m2\repository\commons-io\commons-io\2.19.0\commons-io-2.19.0.jar;C:\Users\joao_\.m2\repository\io\quarkus\quarkus-junit5-config\3.24.3\quarkus-junit5-config-3.24.3.jar;C:\Users\joao_\.m2\repository\org\junit\jupiter\junit-jupiter-api\5.13.2\junit-jupiter-api-5.13.2.jar;C:\Users\joao_\.m2\repository\org\opentest4j\opentest4j\1.3.0\opentest4j-1.3.0.jar;C:\Users\joao_\.m2\repository\org\junit\platform\junit-platform-commons\1.13.2\junit-platform-commons-1.13.2.jar;C:\Users\joao_\.m2\repository\org\apiguardian\apiguardian-api\1.1.2\apiguardian-api-1.1.2.jar;C:\Users\joao_\.m2\repository\org\junit\jupiter\junit-jupiter\5.13.2\junit-jupiter-5.13.2.jar;C:\Users\joao_\.m2\repository\org\junit\jupiter\junit-jupiter-params\5.13.2\junit-jupiter-params-5.13.2.jar;C:\Users\joao_\.m2\repository\org\junit\jupiter\junit-jupiter-engine\5.13.2\junit-jupiter-engine-5.13.2.jar;C:\Users\joao_\.m2\repository\org\junit\platform\junit-platform-engine\1.13.2\junit-platform-engine-1.13.2.jar;C:\Users\joao_\.m2\repository\io\rest-assured\rest-assured\5.5.5\rest-assured-5.5.5.jar;C:\Users\joao_\.m2\repository\org\apache\groovy\groovy\4.0.22\groovy-4.0.22.jar;C:\Users\joao_\.m2\repository\org\apache\groovy\groovy-xml\4.0.22\groovy-xml-4.0.22.jar;C:\Users\joao_\.m2\repository\org\apache\httpcomponents\httpclient\4.5.14\httpclient-4.5.14.jar;C:\Users\joao_\.m2\repository\org\apache\httpcomponents\httpcore\4.4.16\httpcore-4.4.16.jar;C:\Users\joao_\.m2\repository\commons-codec\commons-codec\1.18.0\commons-codec-1.18.0.jar;C:\Users\joao_\.m2\repository\org\apache\httpcomponents\httpmime\4.5.14\httpmime-4.5.14.jar;C:\Users\joao_\.m2\repository\org\hamcrest\hamcrest\2.2\hamcrest-2.2.jar;C:\Users\joao_\.m2\repository\org\ccil\cowan\tagsoup\tagsoup\1.2.1\tagsoup-1.2.1.jar;C:\Users\joao_\.m2\repository\io\rest-assured\json-path\5.5.5\json-path-5.5.5.jar;C:\Users\joao_\.m2\repository\org\apache\groovy\groovy-json\4.0.22\groovy-json-4.0.22.jar;C:\Users\joao_\.m2\repository\io\rest-assured\rest-assured-common\5.5.5\rest-assured-common-5.5.5.jar;C:\Users\joao_\.m2\repository\io\rest-assured\xml-path\5.5.5\xml-path-5.5.5.jar;C:\Users\joao_\.m2\repository\org\apache\commons\commons-lang3\3.17.0\commons-lang3-3.17.0.jar;C:\Users\joao_\.m2\repository\io\quarkus\quarkus-smallrye-openapi\3.24.3\quarkus-smallrye-openapi-3.24.3.jar;C:\Users\joao_\.m2\repository\io\smallrye\smallrye-open-api-core\4.0.11\smallrye-open-api-core-4.0.11.jar;C:\Users\joao_\.m2\repository\org\eclipse\microprofile\openapi\microprofile-openapi-api\4.0.2\microprofile-openapi-api-4.0.2.jar;C:\Users\joao_\.m2\repository\org\eclipse\microprofile\config\microprofile-config-api\3.1\microprofile-config-api-3.1.jar;C:\Users\joao_\.m2\repository\io\smallrye\smallrye-open-api-model\4.0.11\smallrye-open-api-model-4.0.11.jar;C:\Users\joao_\.m2\repository\com\fasterxml\jackson\core\jackson-core\2.19.1\jackson-core-2.19.1.jar;C:\Users\joao_\.m2\repository\com\fasterxml\jackson\core\jackson-databind\2.19.1\jackson-databind-2.19.1.jar;C:\Users\joao_\.m2\repository\com\fasterxml\jackson\core\jackson-annotations\2.19.1\jackson-annotations-2.19.1.jar;C:\Users\joao_\.m2\repository\com\fasterxml\jackson\dataformat\jackson-dataformat-yaml\2.19.1\jackson-dataformat-yaml-2.19.1.jar;C:\Users\joao_\.m2\repository\org\yaml\snakeyaml\2.4\snakeyaml-2.4.jar;C:\Users\joao_\.m2\repository\io\smallrye\common\smallrye-common-classloader\2.12.2\smallrye-common-classloader-2.12.2.jar;C:\Users\joao_\.m2\repository\io\quarkus\quarkus-swagger-ui\3.24.3\quarkus-swagger-ui-3.24.3.jar;C:\Users\joao_\.m2\repository\org\projectlombok\lombok\1.18.36\lombok-1.18.36.jar;"/>
    <property name="java.vm.vendor" value="Oracle Corporation"/>
    <property name="sun.arch.data.model" value="64"/>
    <property name="user.variant" value=""/>
    <property name="java.vendor.url" value="https://java.oracle.com/"/>
    <property name="user.timezone" value="America/Sao_Paulo"/>
    <property name="logging.initial-configurator.min-level" value="500"/>
    <property name="os.name" value="Windows 10"/>
    <property name="java.vm.specification.version" value="21"/>
    <property name="sun.java.launcher" value="SUN_STANDARD"/>
    <property name="user.country" value="BR"/>
    <property name="groovy.use.classvalue" value="false"/>
    <property name="sun.boot.library.path" value="C:\Program Files\Java\jdk-21\bin"/>
    <property name="sun.java.command" value="C:\Users\joao_\AppData\Local\Temp\surefire11104053196768794211\surefirebooter-20250711221229545_3.jar C:\Users\joao_\AppData\Local\Temp\surefire11104053196768794211 2025-07-11T22-12-29_412-jvmRun1 surefire-20250711221229545_1tmp surefire_0-20250711221229545_2tmp"/>
    <property name="jdk.debug" value="release"/>
    <property name="maven.home" value="C:\Program Files\apache-maven-3.9.9"/>
    <property name="surefire.test.class.path" value="C:\VSCode\back\listas-api\target\test-classes;C:\VSCode\back\listas-api\target\classes;C:\Users\joao_\.m2\repository\io\quarkus\quarkus-rest\3.24.3\quarkus-rest-3.24.3.jar;C:\Users\joao_\.m2\repository\io\quarkus\quarkus-rest-common\3.24.3\quarkus-rest-common-3.24.3.jar;C:\Users\joao_\.m2\repository\io\quarkus\resteasy\reactive\resteasy-reactive-common\3.24.3\resteasy-reactive-common-3.24.3.jar;C:\Users\joao_\.m2\repository\io\quarkus\resteasy\reactive\resteasy-reactive-common-types\3.24.3\resteasy-reactive-common-types-3.24.3.jar;C:\Users\joao_\.m2\repository\org\reactivestreams\reactive-streams\1.0.4\reactive-streams-1.0.4.jar;C:\Users\joao_\.m2\repository\io\smallrye\common\smallrye-common-annotation\2.12.2\smallrye-common-annotation-2.12.2.jar;C:\Users\joao_\.m2\repository\io\quarkus\quarkus-mutiny\3.24.3\quarkus-mutiny-3.24.3.jar;C:\Users\joao_\.m2\repository\io\quarkus\quarkus-smallrye-context-propagation\3.24.3\quarkus-smallrye-context-propagation-3.24.3.jar;C:\Users\joao_\.m2\repository\io\smallrye\smallrye-context-propagation\2.2.1\smallrye-context-propagation-2.2.1.jar;C:\Users\joao_\.m2\repository\io\smallrye\smallrye-context-propagation-api\2.2.1\smallrye-context-propagation-api-2.2.1.jar;C:\Users\joao_\.m2\repository\io\smallrye\smallrye-context-propagation-storage\2.2.1\smallrye-context-propagation-storage-2.2.1.jar;C:\Users\joao_\.m2\repository\io\smallrye\reactive\mutiny-smallrye-context-propagation\2.9.2\mutiny-smallrye-context-propagation-2.9.2.jar;C:\Users\joao_\.m2\repository\io\quarkus\quarkus-vertx\3.24.3\quarkus-vertx-3.24.3.jar;C:\Users\joao_\.m2\repository\io\quarkus\quarkus-netty\3.24.3\quarkus-netty-3.24.3.jar;C:\Users\joao_\.m2\repository\io\netty\netty-codec\4.1.121.Final\netty-codec-4.1.121.Final.jar;C:\Users\joao_\.m2\repository\io\netty\netty-codec-haproxy\4.1.121.Final\netty-codec-haproxy-4.1.121.Final.jar;C:\Users\joao_\.m2\repository\io\quarkus\quarkus-vertx-latebound-mdc-provider\3.24.3\quarkus-vertx-latebound-mdc-provider-3.24.3.jar;C:\Users\joao_\.m2\repository\io\smallrye\smallrye-fault-tolerance-vertx\6.9.1\smallrye-fault-tolerance-vertx-6.9.1.jar;C:\Users\joao_\.m2\repository\io\quarkus\resteasy\reactive\resteasy-reactive-vertx\3.24.3\resteasy-reactive-vertx-3.24.3.jar;C:\Users\joao_\.m2\repository\io\vertx\vertx-web\4.5.16\vertx-web-4.5.16.jar;C:\Users\joao_\.m2\repository\io\vertx\vertx-web-common\4.5.16\vertx-web-common-4.5.16.jar;C:\Users\joao_\.m2\repository\io\vertx\vertx-auth-common\4.5.16\vertx-auth-common-4.5.16.jar;C:\Users\joao_\.m2\repository\io\vertx\vertx-bridge-common\4.5.16\vertx-bridge-common-4.5.16.jar;C:\Users\joao_\.m2\repository\io\smallrye\reactive\smallrye-mutiny-vertx-core\3.19.1\smallrye-mutiny-vertx-core-3.19.1.jar;C:\Users\joao_\.m2\repository\io\smallrye\reactive\smallrye-mutiny-vertx-runtime\3.19.1\smallrye-mutiny-vertx-runtime-3.19.1.jar;C:\Users\joao_\.m2\repository\io\smallrye\reactive\vertx-mutiny-generator\3.19.1\vertx-mutiny-generator-3.19.1.jar;C:\Users\joao_\.m2\repository\io\vertx\vertx-codegen\4.5.16\vertx-codegen-4.5.16.jar;C:\Users\joao_\.m2\repository\io\quarkus\resteasy\reactive\resteasy-reactive\3.24.3\resteasy-reactive-3.24.3.jar;C:\Users\joao_\.m2\repository\io\quarkus\vertx\utils\quarkus-vertx-utils\3.24.3\quarkus-vertx-utils-3.24.3.jar;C:\Users\joao_\.m2\repository\jakarta\enterprise\jakarta.enterprise.cdi-api\4.1.0\jakarta.enterprise.cdi-api-4.1.0.jar;C:\Users\joao_\.m2\repository\jakarta\enterprise\jakarta.enterprise.lang-model\4.1.0\jakarta.enterprise.lang-model-4.1.0.jar;C:\Users\joao_\.m2\repository\jakarta\el\jakarta.el-api\6.0.1\jakarta.el-api-6.0.1.jar;C:\Users\joao_\.m2\repository\jakarta\interceptor\jakarta.interceptor-api\2.2.0\jakarta.interceptor-api-2.2.0.jar;C:\Users\joao_\.m2\repository\jakarta\ws\rs\jakarta.ws.rs-api\3.1.0\jakarta.ws.rs-api-3.1.0.jar;C:\Users\joao_\.m2\repository\jakarta\annotation\jakarta.annotation-api\3.0.0\jakarta.annotation-api-3.0.0.jar;C:\Users\joao_\.m2\repository\org\jboss\logging\commons-logging-jboss-logging\1.0.0.Final\commons-logging-jboss-logging-1.0.0.Final.jar;C:\Users\joao_\.m2\repository\org\jboss\logging\jboss-logging\3.6.1.Final\jboss-logging-3.6.1.Final.jar;C:\Users\joao_\.m2\repository\io\quarkus\quarkus-vertx-http\3.24.3\quarkus-vertx-http-3.24.3.jar;C:\Users\joao_\.m2\repository\io\quarkus\quarkus-security-runtime-spi\3.24.3\quarkus-security-runtime-spi-3.24.3.jar;C:\Users\joao_\.m2\repository\io\quarkus\quarkus-tls-registry\3.24.3\quarkus-tls-registry-3.24.3.jar;C:\Users\joao_\.m2\repository\io\quarkus\quarkus-tls-registry-spi\3.24.3\quarkus-tls-registry-spi-3.24.3.jar;C:\Users\joao_\.m2\repository\io\smallrye\certs\smallrye-private-key-pem-parser\0.9.2\smallrye-private-key-pem-parser-0.9.2.jar;C:\Users\joao_\.m2\repository\io\quarkus\quarkus-credentials\3.24.3\quarkus-credentials-3.24.3.jar;C:\Users\joao_\.m2\repository\io\smallrye\common\smallrye-common-vertx-context\2.12.2\smallrye-common-vertx-context-2.12.2.jar;C:\Users\joao_\.m2\repository\io\smallrye\common\smallrye-common-constraint\2.12.2\smallrye-common-constraint-2.12.2.jar;C:\Users\joao_\.m2\repository\io\quarkus\security\quarkus-security\2.2.1\quarkus-security-2.2.1.jar;C:\Users\joao_\.m2\repository\io\smallrye\reactive\smallrye-mutiny-vertx-web\3.19.1\smallrye-mutiny-vertx-web-3.19.1.jar;C:\Users\joao_\.m2\repository\io\smallrye\reactive\smallrye-mutiny-vertx-web-common\3.19.1\smallrye-mutiny-vertx-web-common-3.19.1.jar;C:\Users\joao_\.m2\repository\io\smallrye\reactive\smallrye-mutiny-vertx-auth-common\3.19.1\smallrye-mutiny-vertx-auth-common-3.19.1.jar;C:\Users\joao_\.m2\repository\io\smallrye\reactive\smallrye-mutiny-vertx-bridge-common\3.19.1\smallrye-mutiny-vertx-bridge-common-3.19.1.jar;C:\Users\joao_\.m2\repository\io\smallrye\reactive\smallrye-mutiny-vertx-uri-template\3.19.1\smallrye-mutiny-vertx-uri-template-3.19.1.jar;C:\Users\joao_\.m2\repository\io\vertx\vertx-uri-template\4.5.16\vertx-uri-template-4.5.16.jar;C:\Users\joao_\.m2\repository\io\github\crac\org-crac\0.1.3\org-crac-0.1.3.jar;C:\Users\joao_\.m2\repository\com\aayushatharva\brotli4j\brotli4j\1.16.0\brotli4j-1.16.0.jar;C:\Users\joao_\.m2\repository\com\aayushatharva\brotli4j\service\1.16.0\service-1.16.0.jar;C:\Users\joao_\.m2\repository\com\aayushatharva\brotli4j\native-windows-x86_64\1.16.0\native-windows-x86_64-1.16.0.jar;C:\Users\joao_\.m2\repository\io\quarkus\quarkus-jsonp\3.24.3\quarkus-jsonp-3.24.3.jar;C:\Users\joao_\.m2\repository\org\eclipse\parsson\parsson\1.1.7\parsson-1.1.7.jar;C:\Users\joao_\.m2\repository\jakarta\json\jakarta.json-api\2.1.3\jakarta.json-api-2.1.3.jar;C:\Users\joao_\.m2\repository\io\quarkus\quarkus-virtual-threads\3.24.3\quarkus-virtual-threads-3.24.3.jar;C:\Users\joao_\.m2\repository\io\vertx\vertx-core\4.5.16\vertx-core-4.5.16.jar;C:\Users\joao_\.m2\repository\io\netty\netty-common\4.1.121.Final\netty-common-4.1.121.Final.jar;C:\Users\joao_\.m2\repository\io\netty\netty-buffer\4.1.121.Final\netty-buffer-4.1.121.Final.jar;C:\Users\joao_\.m2\repository\io\netty\netty-transport\4.1.121.Final\netty-transport-4.1.121.Final.jar;C:\Users\joao_\.m2\repository\io\netty\netty-handler\4.1.121.Final\netty-handler-4.1.121.Final.jar;C:\Users\joao_\.m2\repository\io\netty\netty-transport-native-unix-common\4.1.121.Final\netty-transport-native-unix-common-4.1.121.Final.jar;C:\Users\joao_\.m2\repository\io\netty\netty-handler-proxy\4.1.121.Final\netty-handler-proxy-4.1.121.Final.jar;C:\Users\joao_\.m2\repository\io\netty\netty-codec-socks\4.1.121.Final\netty-codec-socks-4.1.121.Final.jar;C:\Users\joao_\.m2\repository\io\netty\netty-codec-http\4.1.121.Final\netty-codec-http-4.1.121.Final.jar;C:\Users\joao_\.m2\repository\io\netty\netty-codec-http2\4.1.121.Final\netty-codec-http2-4.1.121.Final.jar;C:\Users\joao_\.m2\repository\io\netty\netty-resolver\4.1.121.Final\netty-resolver-4.1.121.Final.jar;C:\Users\joao_\.m2\repository\io\netty\netty-resolver-dns\4.1.121.Final\netty-resolver-dns-4.1.121.Final.jar;C:\Users\joao_\.m2\repository\io\netty\netty-codec-dns\4.1.121.Final\netty-codec-dns-4.1.121.Final.jar;C:\Users\joao_\.m2\repository\io\quarkus\quarkus-rest-jackson\3.24.3\quarkus-rest-jackson-3.24.3.jar;C:\Users\joao_\.m2\repository\io\quarkus\quarkus-rest-jackson-common\3.24.3\quarkus-rest-jackson-common-3.24.3.jar;C:\Users\joao_\.m2\repository\io\quarkus\resteasy\reactive\resteasy-reactive-jackson\3.24.3\resteasy-reactive-jackson-3.24.3.jar;C:\Users\joao_\.m2\repository\io\quarkus\quarkus-jackson\3.24.3\quarkus-jackson-3.24.3.jar;C:\Users\joao_\.m2\repository\com\fasterxml\jackson\datatype\jackson-datatype-jsr310\2.19.1\jackson-datatype-jsr310-2.19.1.jar;C:\Users\joao_\.m2\repository\com\fasterxml\jackson\datatype\jackson-datatype-jdk8\2.19.1\jackson-datatype-jdk8-2.19.1.jar;C:\Users\joao_\.m2\repository\com\fasterxml\jackson\module\jackson-module-parameter-names\2.19.1\jackson-module-parameter-names-2.19.1.jar;C:\Users\joao_\.m2\repository\io\quarkus\quarkus-hibernate-orm-panache\3.24.3\quarkus-hibernate-orm-panache-3.24.3.jar;C:\Users\joao_\.m2\repository\io\quarkus\quarkus-hibernate-orm-panache-common\3.24.3\quarkus-hibernate-orm-panache-common-3.24.3.jar;C:\Users\joao_\.m2\repository\io\quarkus\quarkus-panache-hibernate-common\3.24.3\quarkus-panache-hibernate-common-3.24.3.jar;C:\Users\joao_\.m2\repository\io\quarkus\quarkus-panache-common\3.24.3\quarkus-panache-common-3.24.3.jar;C:\Users\joao_\.m2\repository\io\quarkus\quarkus-jdbc-postgresql\3.24.3\quarkus-jdbc-postgresql-3.24.3.jar;C:\Users\joao_\.m2\repository\io\quarkus\quarkus-agroal\3.24.3\quarkus-agroal-3.24.3.jar;C:\Users\joao_\.m2\repository\io\quarkus\quarkus-datasource\3.24.3\quarkus-datasource-3.24.3.jar;C:\Users\joao_\.m2\repository\io\agroal\agroal-api\2.7.1\agroal-api-2.7.1.jar;C:\Users\joao_\.m2\repository\io\agroal\agroal-narayana\2.7.1\agroal-narayana-2.7.1.jar;C:\Users\joao_\.m2\repository\org\jboss\jboss-transaction-spi\8.0.0.Final\jboss-transaction-spi-8.0.0.Final.jar;C:\Users\joao_\.m2\repository\io\agroal\agroal-pool\2.7.1\agroal-pool-2.7.1.jar;C:\Users\joao_\.m2\repository\org\postgresql\postgresql\42.7.7\postgresql-42.7.7.jar;C:\Users\joao_\.m2\repository\io\quarkus\quarkus-arc\3.24.3\quarkus-arc-3.24.3.jar;C:\Users\joao_\.m2\repository\io\quarkus\arc\arc\3.24.3\arc-3.24.3.jar;C:\Users\joao_\.m2\repository\io\smallrye\reactive\mutiny\2.9.2\mutiny-2.9.2.jar;C:\Users\joao_\.m2\repository\org\jctools\jctools-core\4.0.5\jctools-core-4.0.5.jar;C:\Users\joao_\.m2\repository\io\quarkus\quarkus-core\3.24.3\quarkus-core-3.24.3.jar;C:\Users\joao_\.m2\repository\jakarta\inject\jakarta.inject-api\2.0.1\jakarta.inject-api-2.0.1.jar;C:\Users\joao_\.m2\repository\io\smallrye\common\smallrye-common-os\2.12.2\smallrye-common-os-2.12.2.jar;C:\Users\joao_\.m2\repository\io\quarkus\quarkus-ide-launcher\3.24.3\quarkus-ide-launcher-3.24.3.jar;C:\Users\joao_\.m2\repository\io\quarkus\quarkus-development-mode-spi\3.24.3\quarkus-development-mode-spi-3.24.3.jar;C:\Users\joao_\.m2\repository\io\smallrye\config\smallrye-config\3.13.2\smallrye-config-3.13.2.jar;C:\Users\joao_\.m2\repository\io\smallrye\config\smallrye-config-core\3.13.2\smallrye-config-core-3.13.2.jar;C:\Users\joao_\.m2\repository\io\smallrye\config\smallrye-config-common\3.13.2\smallrye-config-common-3.13.2.jar;C:\Users\joao_\.m2\repository\org\jboss\logmanager\jboss-logmanager\3.1.2.Final\jboss-logmanager-3.1.2.Final.jar;C:\Users\joao_\.m2\repository\io\smallrye\common\smallrye-common-cpu\2.12.2\smallrye-common-cpu-2.12.2.jar;C:\Users\joao_\.m2\repository\io\smallrye\common\smallrye-common-expression\2.12.2\smallrye-common-expression-2.12.2.jar;C:\Users\joao_\.m2\repository\io\smallrye\common\smallrye-common-net\2.12.2\smallrye-common-net-2.12.2.jar;C:\Users\joao_\.m2\repository\io\smallrye\common\smallrye-common-ref\2.12.2\smallrye-common-ref-2.12.2.jar;C:\Users\joao_\.m2\repository\org\jboss\threads\jboss-threads\3.9.1\jboss-threads-3.9.1.jar;C:\Users\joao_\.m2\repository\io\smallrye\common\smallrye-common-function\2.12.2\smallrye-common-function-2.12.2.jar;C:\Users\joao_\.m2\repository\org\slf4j\slf4j-api\2.0.6\slf4j-api-2.0.6.jar;C:\Users\joao_\.m2\repository\org\jboss\slf4j\slf4j-jboss-logmanager\2.0.0.Final\slf4j-jboss-logmanager-2.0.0.Final.jar;C:\Users\joao_\.m2\repository\org\wildfly\common\wildfly-common\2.0.1\wildfly-common-2.0.1.jar;C:\Users\joao_\.m2\repository\io\quarkus\quarkus-bootstrap-runner\3.24.3\quarkus-bootstrap-runner-3.24.3.jar;C:\Users\joao_\.m2\repository\io\quarkus\quarkus-fs-util\1.0.0\quarkus-fs-util-1.0.0.jar;C:\Users\joao_\.m2\repository\org\eclipse\microprofile\context-propagation\microprofile-context-propagation-api\1.3\microprofile-context-propagation-api-1.3.jar;C:\Users\joao_\.m2\repository\io\quarkus\quarkus-hibernate-orm\3.24.3\quarkus-hibernate-orm-3.24.3.jar;C:\Users\joao_\.m2\repository\io\quarkus\quarkus-narayana-jta\3.24.3\quarkus-narayana-jta-3.24.3.jar;C:\Users\joao_\.m2\repository\io\quarkus\quarkus-transaction-annotations\3.24.3\quarkus-transaction-annotations-3.24.3.jar;C:\Users\joao_\.m2\repository\io\quarkus\quarkus-datasource-common\3.24.3\quarkus-datasource-common-3.24.3.jar;C:\Users\joao_\.m2\repository\io\smallrye\smallrye-context-propagation-jta\2.2.1\smallrye-context-propagation-jta-2.2.1.jar;C:\Users\joao_\.m2\repository\io\smallrye\reactive\smallrye-reactive-converter-api\3.0.3\smallrye-reactive-converter-api-3.0.3.jar;C:\Users\joao_\.m2\repository\io\smallrye\reactive\smallrye-reactive-converter-mutiny\3.0.3\smallrye-reactive-converter-mutiny-3.0.3.jar;C:\Users\joao_\.m2\repository\io\smallrye\reactive\mutiny-zero-flow-adapters\1.1.1\mutiny-zero-flow-adapters-1.1.1.jar;C:\Users\joao_\.m2\repository\org\jboss\narayana\jta\narayana-jta\7.2.2.Final\narayana-jta-7.2.2.Final.jar;C:\Users\joao_\.m2\repository\jakarta\resource\jakarta.resource-api\2.1.0\jakarta.resource-api-2.1.0.jar;C:\Users\joao_\.m2\repository\org\jboss\invocation\jboss-invocation\2.0.0.Final\jboss-invocation-2.0.0.Final.jar;C:\Users\joao_\.m2\repository\org\eclipse\microprofile\reactive-streams-operators\microprofile-reactive-streams-operators-api\3.0.1\microprofile-reactive-streams-operators-api-3.0.1.jar;C:\Users\joao_\.m2\repository\org\jboss\narayana\jts\narayana-jts-integration\7.2.2.Final\narayana-jts-integration-7.2.2.Final.jar;C:\Users\joao_\.m2\repository\org\hibernate\orm\hibernate-core\7.0.5.Final\hibernate-core-7.0.5.Final.jar;C:\Users\joao_\.m2\repository\org\hibernate\models\hibernate-models\1.0.0\hibernate-models-1.0.0.jar;C:\Users\joao_\.m2\repository\com\fasterxml\classmate\1.7.0\classmate-1.7.0.jar;C:\Users\joao_\.m2\repository\org\antlr\antlr4-runtime\4.13.2\antlr4-runtime-4.13.2.jar;C:\Users\joao_\.m2\repository\net\bytebuddy\byte-buddy\1.17.5\byte-buddy-1.17.5.jar;C:\Users\joao_\.m2\repository\org\hibernate\orm\hibernate-graalvm\7.0.5.Final\hibernate-graalvm-7.0.5.Final.jar;C:\Users\joao_\.m2\repository\org\glassfish\jaxb\jaxb-runtime\4.0.5\jaxb-runtime-4.0.5.jar;C:\Users\joao_\.m2\repository\org\glassfish\jaxb\jaxb-core\4.0.5\jaxb-core-4.0.5.jar;C:\Users\joao_\.m2\repository\org\eclipse\angus\angus-activation\2.0.2\angus-activation-2.0.2.jar;C:\Users\joao_\.m2\repository\org\glassfish\jaxb\txw2\4.0.5\txw2-4.0.5.jar;C:\Users\joao_\.m2\repository\com\sun\istack\istack-commons-runtime\4.1.2\istack-commons-runtime-4.1.2.jar;C:\Users\joao_\.m2\repository\jakarta\xml\bind\jakarta.xml.bind-api\4.0.2\jakarta.xml.bind-api-4.0.2.jar;C:\Users\joao_\.m2\repository\jakarta\activation\jakarta.activation-api\2.1.3\jakarta.activation-api-2.1.3.jar;C:\Users\joao_\.m2\repository\jakarta\persistence\jakarta.persistence-api\3.2.0\jakarta.persistence-api-3.2.0.jar;C:\Users\joao_\.m2\repository\jakarta\transaction\jakarta.transaction-api\2.0.1\jakarta.transaction-api-2.0.1.jar;C:\Users\joao_\.m2\repository\org\hibernate\quarkus-local-cache\0.3.1\quarkus-local-cache-0.3.1.jar;C:\Users\joao_\.m2\repository\io\quarkus\quarkus-caffeine\3.24.3\quarkus-caffeine-3.24.3.jar;C:\Users\joao_\.m2\repository\com\github\ben-manes\caffeine\caffeine\3.2.0\caffeine-3.2.0.jar;C:\Users\joao_\.m2\repository\org\jspecify\jspecify\1.0.0\jspecify-1.0.0.jar;C:\Users\joao_\.m2\repository\com\google\errorprone\error_prone_annotations\2.38.0\error_prone_annotations-2.38.0.jar;C:\Users\joao_\.m2\repository\io\quarkus\quarkus-junit5\3.24.3\quarkus-junit5-3.24.3.jar;C:\Users\joao_\.m2\repository\io\quarkus\quarkus-bootstrap-core\3.24.3\quarkus-bootstrap-core-3.24.3.jar;C:\Users\joao_\.m2\repository\io\quarkus\quarkus-classloader-commons\3.24.3\quarkus-classloader-commons-3.24.3.jar;C:\Users\joao_\.m2\repository\io\quarkus\quarkus-bootstrap-app-model\3.24.3\quarkus-bootstrap-app-model-3.24.3.jar;C:\Users\joao_\.m2\repository\io\smallrye\common\smallrye-common-io\2.12.2\smallrye-common-io-2.12.2.jar;C:\Users\joao_\.m2\repository\org\eclipse\sisu\org.eclipse.sisu.inject\0.9.0.M4\org.eclipse.sisu.inject-0.9.0.M4.jar;C:\Users\joao_\.m2\repository\org\ow2\asm\asm\9.8\asm-9.8.jar;C:\Users\joao_\.m2\repository\io\quarkus\quarkus-test-common\3.24.3\quarkus-test-common-3.24.3.jar;C:\Users\joao_\.m2\repository\io\quarkus\quarkus-core-deployment\3.24.3\quarkus-core-deployment-3.24.3.jar;C:\Users\joao_\.m2\repository\org\aesh\readline\2.6\readline-2.6.jar;C:\Users\joao_\.m2\repository\org\fusesource\jansi\jansi\2.4.0\jansi-2.4.0.jar;C:\Users\joao_\.m2\repository\org\aesh\aesh\2.8.2\aesh-2.8.2.jar;C:\Users\joao_\.m2\repository\io\quarkus\gizmo\gizmo\1.9.0\gizmo-1.9.0.jar;C:\Users\joao_\.m2\repository\org\ow2\asm\asm-util\9.8\asm-util-9.8.jar;C:\Users\joao_\.m2\repository\org\ow2\asm\asm-analysis\9.8\asm-analysis-9.8.jar;C:\Users\joao_\.m2\repository\org\ow2\asm\asm-commons\9.8\asm-commons-9.8.jar;C:\Users\joao_\.m2\repository\org\ow2\asm\asm-tree\9.8\asm-tree-9.8.jar;C:\Users\joao_\.m2\repository\io\quarkus\quarkus-hibernate-validator-spi\3.24.3\quarkus-hibernate-validator-spi-3.24.3.jar;C:\Users\joao_\.m2\repository\io\quarkus\quarkus-class-change-agent\3.24.3\quarkus-class-change-agent-3.24.3.jar;C:\Users\joao_\.m2\repository\io\quarkus\quarkus-devtools-utilities\3.24.3\quarkus-devtools-utilities-3.24.3.jar;C:\Users\joao_\.m2\repository\io\quarkus\quarkus-builder\3.24.3\quarkus-builder-3.24.3.jar;C:\Users\joao_\.m2\repository\org\graalvm\sdk\nativeimage\23.1.2\nativeimage-23.1.2.jar;C:\Users\joao_\.m2\repository\org\graalvm\sdk\word\23.1.2\word-23.1.2.jar;C:\Users\joao_\.m2\repository\org\junit\platform\junit-platform-launcher\1.13.2\junit-platform-launcher-1.13.2.jar;C:\Users\joao_\.m2\repository\io\quarkus\quarkus-bootstrap-maven-resolver\3.24.3\quarkus-bootstrap-maven-resolver-3.24.3.jar;C:\Users\joao_\.m2\repository\io\smallrye\beanbag\smallrye-beanbag-maven\1.5.3\smallrye-beanbag-maven-1.5.3.jar;C:\Users\joao_\.m2\repository\io\smallrye\beanbag\smallrye-beanbag-sisu\1.5.3\smallrye-beanbag-sisu-1.5.3.jar;C:\Users\joao_\.m2\repository\io\smallrye\beanbag\smallrye-beanbag\1.5.3\smallrye-beanbag-1.5.3.jar;C:\Users\joao_\.m2\repository\javax\inject\javax.inject\1\javax.inject-1.jar;C:\Users\joao_\.m2\repository\org\apache\maven\maven-artifact\3.9.9\maven-artifact-3.9.9.jar;C:\Users\joao_\.m2\repository\org\apache\maven\maven-builder-support\3.9.9\maven-builder-support-3.9.9.jar;C:\Users\joao_\.m2\repository\org\apache\maven\maven-model\3.9.9\maven-model-3.9.9.jar;C:\Users\joao_\.m2\repository\org\apache\maven\maven-model-builder\3.9.9\maven-model-builder-3.9.9.jar;C:\Users\joao_\.m2\repository\org\apache\maven\maven-repository-metadata\3.9.9\maven-repository-metadata-3.9.9.jar;C:\Users\joao_\.m2\repository\org\apache\maven\maven-settings\3.9.9\maven-settings-3.9.9.jar;C:\Users\joao_\.m2\repository\org\apache\maven\resolver\maven-resolver-api\1.9.22\maven-resolver-api-1.9.22.jar;C:\Users\joao_\.m2\repository\org\apache\maven\resolver\maven-resolver-impl\1.9.22\maven-resolver-impl-1.9.22.jar;C:\Users\joao_\.m2\repository\org\apache\maven\resolver\maven-resolver-named-locks\1.9.22\maven-resolver-named-locks-1.9.22.jar;C:\Users\joao_\.m2\repository\org\apache\maven\resolver\maven-resolver-spi\1.9.22\maven-resolver-spi-1.9.22.jar;C:\Users\joao_\.m2\repository\org\apache\maven\resolver\maven-resolver-util\1.9.22\maven-resolver-util-1.9.22.jar;C:\Users\joao_\.m2\repository\org\apache\maven\resolver\maven-resolver-transport-http\1.9.23\maven-resolver-transport-http-1.9.23.jar;C:\Users\joao_\.m2\repository\org\apache\maven\wagon\wagon-provider-api\3.5.3\wagon-provider-api-3.5.3.jar;C:\Users\joao_\.m2\repository\org\apache\maven\wagon\wagon-http-shared\3.5.3\wagon-http-shared-3.5.3.jar;C:\Users\joao_\.m2\repository\org\codehaus\plexus\plexus-interpolation\1.26\plexus-interpolation-1.26.jar;C:\Users\joao_\.m2\repository\org\codehaus\plexus\plexus-utils\3.5.1\plexus-utils-3.5.1.jar;C:\Users\joao_\.m2\repository\org\codehaus\plexus\plexus-xml\4.0.2\plexus-xml-4.0.2.jar;C:\Users\joao_\.m2\repository\org\apache\maven\maven-xml-impl\4.0.0-alpha-7\maven-xml-impl-4.0.0-alpha-7.jar;C:\Users\joao_\.m2\repository\org\apache\maven\maven-api-xml\4.0.0-alpha-7\maven-api-xml-4.0.0-alpha-7.jar;C:\Users\joao_\.m2\repository\org\apache\maven\maven-api-meta\4.0.0-alpha-7\maven-api-meta-4.0.0-alpha-7.jar;C:\Users\joao_\.m2\repository\org\codehaus\plexus\plexus-cipher\2.0\plexus-cipher-2.0.jar;C:\Users\joao_\.m2\repository\org\codehaus\plexus\plexus-sec-dispatcher\2.0\plexus-sec-dispatcher-2.0.jar;C:\Users\joao_\.m2\repository\org\apache\maven\maven-embedder\3.9.9\maven-embedder-3.9.9.jar;C:\Users\joao_\.m2\repository\org\apache\maven\maven-core\3.9.9\maven-core-3.9.9.jar;C:\Users\joao_\.m2\repository\org\codehaus\plexus\plexus-component-annotations\2.1.0\plexus-component-annotations-2.1.0.jar;C:\Users\joao_\.m2\repository\org\apache\maven\maven-plugin-api\3.9.9\maven-plugin-api-3.9.9.jar;C:\Users\joao_\.m2\repository\org\apache\maven\shared\maven-shared-utils\3.4.2\maven-shared-utils-3.4.2.jar;C:\Users\joao_\.m2\repository\com\google\inject\guice\5.1.0\guice-5.1.0.jar;C:\Users\joao_\.m2\repository\aopalliance\aopalliance\1.0\aopalliance-1.0.jar;C:\Users\joao_\.m2\repository\com\google\guava\guava\33.4.8-jre\guava-33.4.8-jre.jar;C:\Users\joao_\.m2\repository\com\google\guava\failureaccess\1.0.1\failureaccess-1.0.1.jar;C:\Users\joao_\.m2\repository\javax\annotation\javax.annotation-api\1.3.2\javax.annotation-api-1.3.2.jar;C:\Users\joao_\.m2\repository\org\codehaus\plexus\plexus-classworlds\2.6.0\plexus-classworlds-2.6.0.jar;C:\Users\joao_\.m2\repository\commons-cli\commons-cli\1.8.0\commons-cli-1.8.0.jar;C:\Users\joao_\.m2\repository\org\eclipse\sisu\org.eclipse.sisu.plexus\0.9.0.M4\org.eclipse.sisu.plexus-0.9.0.M4.jar;C:\Users\joao_\.m2\repository\org\apache\maven\maven-settings-builder\3.9.9\maven-settings-builder-3.9.9.jar;C:\Users\joao_\.m2\repository\org\apache\maven\maven-resolver-provider\3.9.9\maven-resolver-provider-3.9.9.jar;C:\Users\joao_\.m2\repository\org\apache\maven\resolver\maven-resolver-connector-basic\1.9.22\maven-resolver-connector-basic-1.9.22.jar;C:\Users\joao_\.m2\repository\org\apache\maven\resolver\maven-resolver-transport-wagon\1.9.22\maven-resolver-transport-wagon-1.9.22.jar;C:\Users\joao_\.m2\repository\org\apache\maven\wagon\wagon-http\3.5.3\wagon-http-3.5.3.jar;C:\Users\joao_\.m2\repository\org\apache\maven\wagon\wagon-file\3.5.3\wagon-file-3.5.3.jar;C:\Users\joao_\.m2\repository\io\quarkus\quarkus-bootstrap-gradle-resolver\3.24.3\quarkus-bootstrap-gradle-resolver-3.24.3.jar;C:\Users\joao_\.m2\repository\io\smallrye\jandex\3.3.2\jandex-3.3.2.jar;C:\Users\joao_\.m2\repository\commons-io\commons-io\2.19.0\commons-io-2.19.0.jar;C:\Users\joao_\.m2\repository\io\quarkus\quarkus-junit5-config\3.24.3\quarkus-junit5-config-3.24.3.jar;C:\Users\joao_\.m2\repository\org\junit\jupiter\junit-jupiter-api\5.13.2\junit-jupiter-api-5.13.2.jar;C:\Users\joao_\.m2\repository\org\opentest4j\opentest4j\1.3.0\opentest4j-1.3.0.jar;C:\Users\joao_\.m2\repository\org\junit\platform\junit-platform-commons\1.13.2\junit-platform-commons-1.13.2.jar;C:\Users\joao_\.m2\repository\org\apiguardian\apiguardian-api\1.1.2\apiguardian-api-1.1.2.jar;C:\Users\joao_\.m2\repository\org\junit\jupiter\junit-jupiter\5.13.2\junit-jupiter-5.13.2.jar;C:\Users\joao_\.m2\repository\org\junit\jupiter\junit-jupiter-params\5.13.2\junit-jupiter-params-5.13.2.jar;C:\Users\joao_\.m2\repository\org\junit\jupiter\junit-jupiter-engine\5.13.2\junit-jupiter-engine-5.13.2.jar;C:\Users\joao_\.m2\repository\org\junit\platform\junit-platform-engine\1.13.2\junit-platform-engine-1.13.2.jar;C:\Users\joao_\.m2\repository\io\rest-assured\rest-assured\5.5.5\rest-assured-5.5.5.jar;C:\Users\joao_\.m2\repository\org\apache\groovy\groovy\4.0.22\groovy-4.0.22.jar;C:\Users\joao_\.m2\repository\org\apache\groovy\groovy-xml\4.0.22\groovy-xml-4.0.22.jar;C:\Users\joao_\.m2\repository\org\apache\httpcomponents\httpclient\4.5.14\httpclient-4.5.14.jar;C:\Users\joao_\.m2\repository\org\apache\httpcomponents\httpcore\4.4.16\httpcore-4.4.16.jar;C:\Users\joao_\.m2\repository\commons-codec\commons-codec\1.18.0\commons-codec-1.18.0.jar;C:\Users\joao_\.m2\repository\org\apache\httpcomponents\httpmime\4.5.14\httpmime-4.5.14.jar;C:\Users\joao_\.m2\repository\org\hamcrest\hamcrest\2.2\hamcrest-2.2.jar;C:\Users\joao_\.m2\repository\org\ccil\cowan\tagsoup\tagsoup\1.2.1\tagsoup-1.2.1.jar;C:\Users\joao_\.m2\repository\io\rest-assured\json-path\5.5.5\json-path-5.5.5.jar;C:\Users\joao_\.m2\repository\org\apache\groovy\groovy-json\4.0.22\groovy-json-4.0.22.jar;C:\Users\joao_\.m2\repository\io\rest-assured\rest-assured-common\5.5.5\rest-assured-common-5.5.5.jar;C:\Users\joao_\.m2\repository\io\rest-assured\xml-path\5.5.5\xml-path-5.5.5.jar;C:\Users\joao_\.m2\repository\org\apache\commons\commons-lang3\3.17.0\commons-lang3-3.17.0.jar;C:\Users\joao_\.m2\repository\io\quarkus\quarkus-smallrye-openapi\3.24.3\quarkus-smallrye-openapi-3.24.3.jar;C:\Users\joao_\.m2\repository\io\smallrye\smallrye-open-api-core\4.0.11\smallrye-open-api-core-4.0.11.jar;C:\Users\joao_\.m2\repository\org\eclipse\microprofile\openapi\microprofile-openapi-api\4.0.2\microprofile-openapi-api-4.0.2.jar;C:\Users\joao_\.m2\repository\org\eclipse\microprofile\config\microprofile-config-api\3.1\microprofile-config-api-3.1.jar;C:\Users\joao_\.m2\repository\io\smallrye\smallrye-open-api-model\4.0.11\smallrye-open-api-model-4.0.11.jar;C:\Users\joao_\.m2\repository\com\fasterxml\jackson\core\jackson-core\2.19.1\jackson-core-2.19.1.jar;C:\Users\joao_\.m2\repository\com\fasterxml\jackson\core\jackson-databind\2.19.1\jackson-databind-2.19.1.jar;C:\Users\joao_\.m2\repository\com\fasterxml\jackson\core\jackson-annotations\2.19.1\jackson-annotations-2.19.1.jar;C:\Users\joao_\.m2\repository\com\fasterxml\jackson\dataformat\jackson-dataformat-yaml\2.19.1\jackson-dataformat-yaml-2.19.1.jar;C:\Users\joao_\.m2\repository\org\yaml\snakeyaml\2.4\snakeyaml-2.4.jar;C:\Users\joao_\.m2\repository\io\smallrye\common\smallrye-common-classloader\2.12.2\smallrye-common-classloader-2.12.2.jar;C:\Users\joao_\.m2\repository\io\quarkus\quarkus-swagger-ui\3.24.3\quarkus-swagger-ui-3.24.3.jar;C:\Users\joao_\.m2\repository\org\projectlombok\lombok\1.18.36\lombok-1.18.36.jar;"/>
    <property name="sun.cpu.endian" value="little"/>
    <property name="user.home" value="C:\Users\joao_"/>
    <property name="user.language" value="pt"/>
    <property name="jboss.log-version" value="false"/>
    <property name="java.specification.vendor" value="Oracle Corporation"/>
    <property name="io.netty.allocator.maxOrder" value="3"/>
    <property name="java.version.date" value="2025-01-21"/>
    <property name="java.home" value="C:\Program Files\Java\jdk-21"/>
    <property name="file.separator" value="\"/>
    <property name="basedir" value="C:\VSCode\back\listas-api"/>
    <property name="java.vm.compressedOopsMode" value="32-bit"/>
    <property name="line.separator" value="&#10;"/>
    <property name="java.vm.specification.vendor" value="Oracle Corporation"/>
    <property name="java.specification.name" value="Java Platform API Specification"/>
    <property name="io.netty.allocator.disableCacheFinalizersForFastThreadLocalThreads" value="true"/>
    <property name="surefire.real.class.path" value="C:\Users\joao_\AppData\Local\Temp\surefire11104053196768794211\surefirebooter-20250711221229545_3.jar"/>
    <property name="user.script" value=""/>
    <property name="sun.management.compiler" value="HotSpot 64-Bit Tiered Compilers"/>
    <property name="java.runtime.version" value="21.0.6+8-LTS-188"/>
    <property name="user.name" value="joao_"/>
    <property name="stdout.encoding" value="Cp1252"/>
    <property name="path.separator" value=";"/>
    <property name="os.version" value="10.0"/>
    <property name="java.runtime.name" value="Java(TM) SE Runtime Environment"/>
    <property name="file.encoding" value="UTF-8"/>
    <property name="java.vm.name" value="Java HotSpot(TM) 64-Bit Server VM"/>
    <property name="localRepository" value="C:\Users\joao_\.m2\repository"/>
    <property name="java.vendor.url.bug" value="https://bugreport.java.com/bugreport/"/>
    <property name="java.io.tmpdir" value="C:\Users\joao_\AppData\Local\Temp\"/>
    <property name="quarkus.log.file.path" value="target\quarkus.log"/>
    <property name="java.version" value="21.0.6"/>
    <property name="java.util.concurrent.ForkJoinPool.common.threadFactory" value="io.quarkus.bootstrap.forkjoin.QuarkusForkJoinWorkerThreadFactory"/>
    <property name="user.dir" value="C:\VSCode\back\listas-api"/>
    <property name="os.arch" value="amd64"/>
    <property name="java.vm.specification.name" value="Java Virtual Machine Specification"/>
    <property name="sun.os.patch.level" value=""/>
    <property name="native.encoding" value="Cp1252"/>
    <property name="java.util.logging.manager" value="org.jboss.logmanager.LogManager"/>
    <property name="java.library.path" value="C:\Program Files\Java\jdk-21\bin;C:\WINDOWS\Sun\Java\bin;C:\WINDOWS\system32;C:\WINDOWS;C:\Python313\Scripts\;C:\Python313\;C:\Program Files\Eclipse Adoptium\jdk-21.0.6.7-hotspot\bin;C:\Program Files\Common Files\Oracle\Java\javapath;C:\WINDOWS\system32;C:\WINDOWS;C:\WINDOWS\System32\Wbem;C:\WINDOWS\System32\WindowsPowerShell\v1.0\;C:\WINDOWS\System32\OpenSSH\;C:\Program Files (x86)\NVIDIA Corporation\PhysX\Common;C:\Program Files\dotnet\;C:\Program Files (x86)\Intel\Intel(R) Management Engine Components\DAL;C:\Program Files\Intel\Intel(R) Management Engine Components\DAL;C:\php;C:\ProgramData\chocolatey\bin;C:\Program Files\Git\cmd;C:\Program Files\nodejs\;C:\Program Files\MySQL\MySQL Utilities 1.6\;C:\Program Files\NVIDIA Corporation\NVIDIA app\NvDLISR;C:\Users\joao_\.jbang\bin;C:\WINDOWS;C:\WINDOWS\system32;C:\WINDOWS\System32\Wbem;C:\WINDOWS\System32\WindowsPowerShell\v1.0\;C:\WINDOWS\System32\OpenSSH\;C:\Program Files (x86)\NVIDIA Corporation\PhysX\Common;C:\Program Files\NVIDIA Corporation\NVIDIA NvDLISR;C:\Program Files\dotnet\;C:\Program Files (x86)\Intel\Intel(R) Management Engine Components\DAL;C:\Program Files\Intel\Intel(R) Management Engine Components\DAL;C:\Program Files\Git\cmd;C:\Users\joao_\AppData\Local\Microsoft\WindowsApps;C:\Users\joao_\AppData\Local\Programs\Microsoft VS Code\bin;C:\Python34\Scripts;C:\Users\joao_\AppData\Local\Microsoft\WinGet\Packages\Schniz.fnm_Microsoft.Winget.Source_8wekyb3d8bbwe;C:\Users\joao_\AppData\Local\Programs\Python\Python312;C:\Users\joao_\AppData\Local\Programs\Python\Python312\Scripts;C:\Program Files\Java\jdk-21\bin;C:\Program Files\apache-maven-3.9.9\bin;C:\Users\joao_\AppData\Roaming\npm;C:\Program Files\MySQL\MySQL Server 5.7\bin;;c:\Users\joao_\AppData\Roaming\Code\User\globalStorage\github.copilot-chat\debugCommand;."/>
    <property name="jdk.console" value="java.base"/>
    <property name="java.vm.info" value="mixed mode, sharing"/>
    <property name="stderr.encoding" value="Cp1252"/>
    <property name="java.vendor" value="Oracle Corporation"/>
    <property name="vertx.disableTCCL" value="true"/>
    <property name="java.vm.version" value="21.0.6+8-LTS-188"/>
    <property name="sun.io.unicode.encoding" value="UnicodeLittle"/>
    <property name="io.netty.machineId" value="f1:98:e3:80:34:92:61:d3"/>
    <property name="java.class.version" value="65.0"/>
  </properties>
  <testcase name="testHelloEndpoint" classname="joao.GreetingResourceTest" time="0.011">
    <error message="java.lang.ExceptionInInitializerError" type="java.lang.RuntimeException"><![CDATA[java.lang.RuntimeException: java.lang.ExceptionInInitializerError
	at io.quarkus.test.junit.QuarkusTestExtension.throwBootFailureException(QuarkusTestExtension.java:668)
	at io.quarkus.test.junit.QuarkusTestExtension.interceptTestClassConstructor(QuarkusTestExtension.java:763)
	at java.base/java.util.Optional.orElseGet(Optional.java:364)
	at java.base/java.util.ArrayList.forEach(ArrayList.java:1596)
	at java.base/java.util.ArrayList.forEach(ArrayList.java:1596)
Caused by: java.lang.ExceptionInInitializerError
	at java.base/java.lang.Class.forName0(Native Method)
	at java.base/java.lang.Class.forName(Class.java:534)
	at java.base/java.lang.Class.forName(Class.java:513)
	at io.quarkus.runner.bootstrap.StartupActionImpl.run(StartupActionImpl.java:294)
	at io.quarkus.test.junit.QuarkusTestExtension.doJavaStart(QuarkusTestExtension.java:233)
	at io.quarkus.test.junit.QuarkusTestExtension.ensureStarted(QuarkusTestExtension.java:642)
	at io.quarkus.test.junit.QuarkusTestExtension.beforeAll(QuarkusTestExtension.java:687)
	... 1 more
Caused by: java.lang.RuntimeException: Failed to start quarkus
	at io.quarkus.runner.ApplicationImpl.<clinit>(Unknown Source)
	... 8 more
Caused by: org.hibernate.id.IdentifierGenerationException: Identity generation isn't supported for composite ids
	at org.hibernate.mapping.Component.buildIdentifierGenerator(Component.java:679)
	at org.hibernate.mapping.Component.createGenerator(Component.java:650)
	at org.hibernate.boot.internal.InFlightMetadataCollectorImpl.handleIdentifierValueBinding(InFlightMetadataCollectorImpl.java:2118)
	at org.hibernate.boot.internal.InFlightMetadataCollectorImpl.processExportableProducers(InFlightMetadataCollectorImpl.java:2094)
	at org.hibernate.boot.internal.InFlightMetadataCollectorImpl.buildMetadataInstance(InFlightMetadataCollectorImpl.java:2054)
	at org.hibernate.boot.model.process.spi.MetadataBuildingProcess.complete(MetadataBuildingProcess.java:228)
	at io.quarkus.hibernate.orm.runtime.boot.FastBootMetadataBuilder.build(FastBootMetadataBuilder.java:414)
	at io.quarkus.hibernate.orm.runtime.PersistenceUnitsHolder.createMetadata(PersistenceUnitsHolder.java:101)
	at io.quarkus.hibernate.orm.runtime.PersistenceUnitsHolder.constructMetadataAdvance(PersistenceUnitsHolder.java:73)
	at io.quarkus.hibernate.orm.runtime.PersistenceUnitsHolder.initializeJpa(PersistenceUnitsHolder.java:40)
	at io.quarkus.hibernate.orm.runtime.HibernateOrmRecorder$1.created(HibernateOrmRecorder.java:87)
	at io.quarkus.arc.runtime.ArcRecorder.initBeanContainer(ArcRecorder.java:87)
	at io.quarkus.runner.recorded.ArcProcessor$notifyBeanContainerListeners1304312071.deploy_0(Unknown Source)
	at io.quarkus.runner.recorded.ArcProcessor$notifyBeanContainerListeners1304312071.deploy(Unknown Source)
	... 9 more
]]></error>
    <system-out><![CDATA[2025-07-11 22:12:33,289 WARN  [io.qua.dep.configuration] (main) Configuration property 'quarkus.package.type' has been deprecated and replaced by: [quarkus.package.jar.enabled, quarkus.package.jar.type, quarkus.native.enabled, quarkus.native.sources-only]
2025-07-11 22:12:37,413 INFO  [org.hib.jpa.int.uti.LogHelper] (main) HHH000204: Processing PersistenceUnitInfo [name: <default>]
2025-07-11 22:12:37,668 INFO  [org.hib.Version] (main) HHH000412: Hibernate ORM core version 7.0.5.Final
2025-07-11 22:12:38,081 INFO  [org.hib.orm.con.pooling] (main) HHH10001005: Database info:
	Database JDBC URL [undefined/unknown]
	Database driver: undefined/unknown
	Database version: 13.0
	Autocommit mode: undefined/unknown
	Isolation level: <unknown>
	Pool: undefined/unknown
	Minimum pool size: undefined/unknown
	Maximum pool size: undefined/unknown
2025-07-11 22:12:38,439 WARN  [io.qua.config] (main) Unrecognized configuration key "quarkus.package.type" was provided; it will be ignored; verify that the dependency extension for this configuration is set or that you did not make a typo
]]></system-out>
  </testcase>
</testsuite>